<?xml version="1.0" encoding="UTF-8"?>
<testng-results ignored="0" total="3" passed="3" failed="0" skipped="0">
  <reporter-output>
  </reporter-output>
  <suite started-at="2023-11-29T23:13:17 IST" name="Default suite" finished-at="2023-11-29T23:15:24 IST" duration-ms="127057">
    <groups>
      <group name="cucumber">
        <method signature="AbstractTestNGCucumberTests.runScenario(io.cucumber.testng.PickleWrapper,io.cucumber.testng.FeatureWrapper)[pri:0, instance:Runner.AdminRunner@6743e411]" name="runScenario" class="io.cucumber.testng.AbstractTestNGCucumberTests"/>
      </group> <!-- cucumber -->
    </groups>
    <test started-at="2023-11-29T23:13:17 IST" name="Default test" finished-at="2023-11-29T23:15:24 IST" duration-ms="127057">
      <class name="Runner.AdminRunner">
        <test-method is-config="true" signature="setUpClass(org.testng.ITestContext)[pri:0, instance:Runner.AdminRunner@6743e411]" started-at="2023-11-29T23:13:17 IST" name="setUpClass" finished-at="2023-11-29T23:13:18 IST" duration-ms="675" status="PASS">
          <params>
            <param index="0">
              <value>
                <![CDATA[org.testng.TestRunner@51dae791]]>
              </value>
            </param>
          </params>
          <reporter-output>
          </reporter-output>
        </test-method> <!-- setUpClass -->
        <test-method signature="runScenario(io.cucumber.testng.PickleWrapper,io.cucumber.testng.FeatureWrapper)[pri:0, instance:Runner.AdminRunner@6743e411]" started-at="2023-11-29T23:13:18 IST" name="runScenario" description="Runs Cucumber Scenarios" data-provider="scenarios" finished-at="2023-11-29T23:13:57 IST" duration-ms="39133" status="PASS">
          <params>
            <param index="0">
              <value>
                <![CDATA["Verify job dropdown"]]>
              </value>
            </param>
            <param index="1">
              <value>
                <![CDATA["AdminPage"]]>
              </value>
            </param>
          </params>
          <reporter-output>
          </reporter-output>
        </test-method> <!-- runScenario -->
        <test-method signature="runScenario(io.cucumber.testng.PickleWrapper,io.cucumber.testng.FeatureWrapper)[pri:0, instance:Runner.AdminRunner@6743e411]" started-at="2023-11-29T23:13:57 IST" name="runScenario" description="Runs Cucumber Scenarios" data-provider="scenarios" finished-at="2023-11-29T23:14:34 IST" duration-ms="37503" status="PASS">
          <params>
            <param index="0">
              <value>
                <![CDATA["Verify organization dropdown"]]>
              </value>
            </param>
            <param index="1">
              <value>
                <![CDATA["AdminPage"]]>
              </value>
            </param>
          </params>
          <reporter-output>
          </reporter-output>
        </test-method> <!-- runScenario -->
        <test-method signature="runScenario(io.cucumber.testng.PickleWrapper,io.cucumber.testng.FeatureWrapper)[pri:0, instance:Runner.AdminRunner@6743e411]" started-at="2023-11-29T23:14:34 IST" name="runScenario" description="Runs Cucumber Scenarios" data-provider="scenarios" finished-at="2023-11-29T23:15:24 IST" duration-ms="49627" status="PASS">
          <params>
            <param index="0">
              <value>
                <![CDATA["Verify qualifications dropdown"]]>
              </value>
            </param>
            <param index="1">
              <value>
                <![CDATA["AdminPage"]]>
              </value>
            </param>
          </params>
          <reporter-output>
          </reporter-output>
        </test-method> <!-- runScenario -->
        <test-method is-config="true" signature="tearDownClass()[pri:0, instance:Runner.AdminRunner@6743e411]" started-at="2023-11-29T23:15:24 IST" name="tearDownClass" finished-at="2023-11-29T23:15:24 IST" duration-ms="25" status="PASS">
          <reporter-output>
          </reporter-output>
        </test-method> <!-- tearDownClass -->
      </class> <!-- Runner.AdminRunner -->
    </test> <!-- Default test -->
  </suite> <!-- Default suite -->
</testng-results>
